<?xml version="1.0" encoding="UTF-8"?>
<testng-results ignored="17" total="18" passed="1" failed="0" skipped="0">
  <reporter-output>
  </reporter-output>
  <suite started-at="2021-12-27T08:31:28 IST" name="Default suite" finished-at="2021-12-27T08:31:44 IST" duration-ms="16145">
    <groups>
    </groups>
    <test started-at="2021-12-27T08:31:28 IST" name="Default test" finished-at="2021-12-27T08:31:44 IST" duration-ms="16145">
      <class name="RegistrationformTests">
        <test-method is-config="true" signature="loadconfig()[pri:0, instance:RegistrationformTests@61001b64]" started-at="2021-12-27T08:31:28 IST" name="loadconfig" finished-at="2021-12-27T08:31:28 IST" duration-ms="7" status="PASS">
          <reporter-output>
          </reporter-output>
        </test-method> <!-- loadconfig -->
        <test-method is-config="true" signature="setup()[pri:0, instance:RegistrationformTests@61001b64]" started-at="2021-12-27T08:31:28 IST" name="setup" finished-at="2021-12-27T08:31:38 IST" duration-ms="9543" status="PASS">
          <reporter-output>
          </reporter-output>
        </test-method> <!-- setup -->
        <test-method signature="FullFormwithYes()[pri:0, instance:RegistrationformTests@61001b64]" started-at="2021-12-27T08:31:38 IST" name="FullFormwithYes" finished-at="2021-12-27T08:31:44 IST" duration-ms="6568" status="PASS">
          <reporter-output>
          </reporter-output>
        </test-method> <!-- FullFormwithYes -->
      </class> <!-- RegistrationformTests -->
    </test> <!-- Default test -->
  </suite> <!-- Default suite -->
</testng-results>
