<?xml version="1.0" encoding="UTF-8"?>
<!-- Generated by org.testng.reporters.JUnitXMLReporter -->
<testsuite ignored="17" hostname="MAA-5CG9353VSB" failures="0" tests="1" name="Default test" time="16.145" errors="0" timestamp="2021-12-27T08:31:44 IST">
  <testcase classname="RegistrationformTests" name="FullFormwithYes" time="6.568"/>
  <testcase classname="RegistrationformTests" name="PaymentDropDown" time="0.0">
    <ignored/>
  </testcase> <!-- PaymentDropDown -->
  <testcase classname="RegistrationformTests" name="BusinessExpDropDown" time="0.0">
    <ignored/>
  </testcase> <!-- BusinessExpDropDown -->
  <testcase classname="RegistrationformTests" name="EnterFullName" time="0.0">
    <ignored/>
  </testcase> <!-- EnterFullName -->
  <testcase classname="RegistrationformTests" name="Industrycount" time="0.0">
    <ignored/>
  </testcase> <!-- Industrycount -->
  <testcase classname="RegistrationformTests" name="Emailbox" time="0.0">
    <ignored/>
  </testcase> <!-- Emailbox -->
  <testcase classname="RegistrationformTests" name="MonthlysaleDropDown" time="0.0">
    <ignored/>
  </testcase> <!-- MonthlysaleDropDown -->
  <testcase classname="RegistrationformTests" name="citycount" time="0.0">
    <ignored/>
  </testcase> <!-- citycount -->
  <testcase classname="RegistrationformTests" name="DefaultChckBox" time="0.0">
    <ignored/>
  </testcase> <!-- DefaultChckBox -->
  <testcase classname="RegistrationformTests" name="ClickYes" time="0.0">
    <ignored/>
  </testcase> <!-- ClickYes -->
  <testcase classname="RegistrationformTests" name="TextValidationcase" time="0.0">
    <ignored/>
  </testcase> <!-- TextValidationcase -->
  <testcase classname="RegistrationformTests" name="CityDropDown" time="0.0">
    <ignored/>
  </testcase> <!-- CityDropDown -->
  <testcase classname="RegistrationformTests" name="IndustryDropDown" time="0.0">
    <ignored/>
  </testcase> <!-- IndustryDropDown -->
  <testcase classname="RegistrationformTests" name="cardDropdown" time="0.0">
    <ignored/>
  </testcase> <!-- cardDropdown -->
  <testcase classname="RegistrationformTests" name="EnterEmail" time="0.0">
    <ignored/>
  </testcase> <!-- EnterEmail -->
  <testcase classname="RegistrationformTests" name="Businesscount" time="0.0">
    <ignored/>
  </testcase> <!-- Businesscount -->
  <testcase classname="RegistrationformTests" name="EnterNumber" time="0.0">
    <ignored/>
  </testcase> <!-- EnterNumber -->
  <testcase classname="RegistrationformTests" name="FullFormwithNO" time="0.0">
    <ignored/>
  </testcase> <!-- FullFormwithNO -->
</testsuite> <!-- Default test -->
